{"timestamp": "2025-12-05T14:16:49Z", "event_type": "schema_drift_detected", "pipeline_name": "daily_sales_processing", "missing_columns": ["transaction_id", "customer_id", "sales_amount", "date_of_sale"]}
{"timestamp": "2025-12-05T14:16:49Z", "event_type": "diagnosis", "pipeline_name": "daily_sales_processing", "root_cause": "schema_drift", "missing_columns": ["transaction_id", "customer_id", "sales_amount", "date_of_sale"], "suggested_actions": [{"type": "schema_update", "description": "Rename required column 'date_of_sale' to 'txn_date' in YAML schema.", "from": "date_of_sale", "to": "txn_date"}]}
{"timestamp": "2025-12-05T14:16:49Z", "event_type": "healing_applied", "action_type": "schema_update", "from": "date_of_sale", "to": "txn_date", "old_required_columns": ["transaction_id", "customer_id", "sales_amount", "date_of_sale"], "new_required_columns": ["transaction_id", "customer_id", "sales_amount", "txn_date"]}
{"timestamp": "2025-12-05T14:16:49Z", "event_type": "schema_drift_detected", "pipeline_name": "daily_sales_processing", "missing_columns": ["transaction_id", "customer_id", "sales_amount", "txn_date"]}
{"timestamp": "2025-12-05T14:17:30Z", "event_type": "schema_drift_detected", "pipeline_name": "daily_sales_processing", "missing_columns": ["transaction_id", "customer_id", "sales_amount", "txn_date"]}
{"timestamp": "2025-12-05T14:17:30Z", "event_type": "diagnosis", "pipeline_name": "daily_sales_processing", "root_cause": "schema_drift", "missing_columns": ["transaction_id", "customer_id", "sales_amount", "txn_date"], "suggested_actions": [{"type": "no_safe_fix", "description": "No known automatic remediation. Escalate to engineer."}]}
{"timestamp": "2025-12-05T14:17:30Z", "event_type": "schema_drift_detected", "pipeline_name": "daily_sales_processing", "missing_columns": ["transaction_id", "customer_id", "sales_amount", "txn_date"]}
{"timestamp": "2025-12-05T14:20:50Z", "event_type": "schema_drift_detected", "pipeline_name": "daily_sales_processing", "missing_columns": ["date_of_sale"]}
{"timestamp": "2025-12-05T14:20:50Z", "event_type": "diagnosis", "pipeline_name": "daily_sales_processing", "root_cause": "schema_drift", "missing_columns": ["date_of_sale"], "suggested_actions": [{"type": "schema_update", "description": "Rename required column 'date_of_sale' to 'txn_date' in YAML schema.", "from": "date_of_sale", "to": "txn_date"}]}
{"timestamp": "2025-12-05T14:20:50Z", "event_type": "healing_applied", "action_type": "schema_update", "from": "date_of_sale", "to": "txn_date", "old_required_columns": ["transaction_id", "customer_id", "sales_amount", "date_of_sale"], "new_required_columns": ["transaction_id", "customer_id", "sales_amount", "txn_date"]}
{"timestamp": "2025-12-05T14:20:50Z", "event_type": "validation_success", "pipeline_name": "daily_sales_processing", "rows": 5}
{"timestamp": "2025-12-05T14:46:25Z", "event_type": "dq_failure", "pipeline_name": "daily_sales_processing", "reason": "null_fraction", "column": "sales_amount", "observed": 0.18181818181818182, "threshold": 0.05, "message": "Null fraction in 'sales_amount' 0.1818 > max_null_fraction 0.05"}
{"timestamp": "2025-12-05T14:46:25Z", "event_type": "dq_diagnosis", "pipeline_name": "daily_sales_processing", "root_cause": "null_fraction", "column": "sales_amount", "observed": 0.18181818181818182, "threshold": 0.05, "suggested_actions": [{"type": "dq_update_max_null", "description": "Increase max_null_fraction for 'sales_amount' to 0.232 based on observed data.", "column": "sales_amount", "new_threshold": 0.2318181818181818}]}
{"timestamp": "2025-12-05T14:46:25Z", "event_type": "healing_applied", "action_type": "dq_update_max_null", "column": "sales_amount", "new_threshold": 0.2318181818181818}
{"timestamp": "2025-12-05T14:46:25Z", "event_type": "dq_failure", "pipeline_name": "daily_sales_processing", "reason": "uniqueness", "column": "transaction_id", "duplicates": 1, "message": "Uniqueness violation in 'transaction_id': 1 duplicates"}
{"timestamp": "2025-12-05T14:48:14Z", "event_type": "dq_failure", "pipeline_name": "daily_sales_processing", "reason": "null_fraction", "column": "sales_amount", "observed": 0.18181818181818182, "threshold": 0.05, "message": "Null fraction in 'sales_amount' 0.1818 > max_null_fraction 0.05"}
{"timestamp": "2025-12-05T14:48:14Z", "event_type": "dq_diagnosis", "pipeline_name": "daily_sales_processing", "root_cause": "null_fraction", "column": "sales_amount", "observed": 0.18181818181818182, "threshold": 0.05, "suggested_actions": [{"type": "dq_update_max_null", "description": "Increase max_null_fraction for 'sales_amount' to 0.232 based on observed data.", "column": "sales_amount", "new_threshold": 0.2318181818181818}]}
{"timestamp": "2025-12-05T14:48:14Z", "event_type": "healing_applied", "action_type": "dq_update_max_null", "column": "sales_amount", "new_threshold": 0.2318181818181818}
{"timestamp": "2025-12-05T14:48:14Z", "event_type": "dq_failure", "pipeline_name": "daily_sales_processing", "reason": "uniqueness", "column": "transaction_id", "duplicates": 1, "message": "Uniqueness violation in 'transaction_id': 1 duplicates"}
{"timestamp": "2025-12-05T14:54:13Z", "event_type": "dq_failure", "pipeline_name": "daily_sales_processing", "reason": "null_fraction", "column": "sales_amount", "observed": 0.18181818181818182, "threshold": 0.05, "message": "Null fraction in 'sales_amount' 0.1818 > max_null_fraction 0.05"}
{"timestamp": "2025-12-05T14:54:13Z", "event_type": "dq_diagnosis", "pipeline_name": "daily_sales_processing", "root_cause": "null_fraction", "column": "sales_amount", "observed": 0.18181818181818182, "threshold": 0.05, "suggested_actions": [{"type": "dq_update_max_null", "description": "Increase max_null_fraction for 'sales_amount' to 0.232 based on observed data.", "column": "sales_amount", "new_threshold": 0.2318181818181818}]}
{"timestamp": "2025-12-05T14:54:13Z", "event_type": "healing_applied", "action_type": "dq_update_max_null", "column": "sales_amount", "new_threshold": 0.2318181818181818}
{"timestamp": "2025-12-05T14:54:13Z", "event_type": "dq_failure", "pipeline_name": "daily_sales_processing", "reason": "type_mismatch", "column": "sales_amount", "expected_type": "float", "message": "Type check failed for 'sales_amount' (expected float)"}
